<?xml version="1.0" encoding="UTF-8"?>
<robot generator="Robot 3.1 (Python 3.7.3 on darwin)" generated="20191029 11:00:32.721" rpa="false">
<suite id="s1" name="Test" source="/Users/ngotiendung/PycharmProjects/Workspace/grpc_robotframework_example/robot_test/test.robot">
<test id="s1-t1" name="GRPC_Client_testing">
<kw name="Client Create Customer" library="customer_client">
<arguments>
<arg>${customer_id}</arg>
<arg>${customer_name}</arg>
</arguments>
<assign>
<var>${response}</var>
</assign>
<msg timestamp="20191029 11:00:32.992" level="TRACE">Arguments: [ 100 | 'Harry' ]</msg>
<msg timestamp="20191029 11:00:33.036" level="TRACE">Return: {'id': 100, 'name': 'Harry created'}</msg>
<msg timestamp="20191029 11:00:33.036" level="INFO">${response} = {'id': 100, 'name': 'Harry created'}</msg>
<status status="PASS" starttime="20191029 11:00:32.992" endtime="20191029 11:00:33.036"></status>
</kw>
<kw name="Should Be Equal As Integers" library="BuiltIn">
<doc>Fails if objects are unequal after converting them to integers.</doc>
<arguments>
<arg>${customer_id}</arg>
<arg>${response}[id]</arg>
</arguments>
<msg timestamp="20191029 11:00:33.037" level="TRACE">Arguments: [ 100 | 100 ]</msg>
<msg timestamp="20191029 11:00:33.037" level="DEBUG">Argument types are:
&lt;class 'int'&gt;
&lt;class 'int'&gt;</msg>
<msg timestamp="20191029 11:00:33.037" level="TRACE">Return: None</msg>
<status status="PASS" starttime="20191029 11:00:33.037" endtime="20191029 11:00:33.037"></status>
</kw>
<kw name="Should Be Equal As Strings" library="BuiltIn">
<doc>Fails if objects are unequal after converting them to strings.</doc>
<arguments>
<arg>${customer_name} created</arg>
<arg>${response}[name]</arg>
</arguments>
<msg timestamp="20191029 11:00:33.037" level="TRACE">Arguments: [ 'Harry created' | 'Harry created' ]</msg>
<msg timestamp="20191029 11:00:33.037" level="DEBUG">Argument types are:
&lt;type 'unicode'&gt;
&lt;type 'unicode'&gt;</msg>
<msg timestamp="20191029 11:00:33.037" level="TRACE">Return: None</msg>
<status status="PASS" starttime="20191029 11:00:33.037" endtime="20191029 11:00:33.037"></status>
</kw>
<status status="PASS" starttime="20191029 11:00:32.991" endtime="20191029 11:00:33.038" critical="yes"></status>
</test>
<status status="PASS" starttime="20191029 11:00:32.723" endtime="20191029 11:00:33.038"></status>
</suite>
<statistics>
<total>
<stat pass="1" fail="0">Critical Tests</stat>
<stat pass="1" fail="0">All Tests</stat>
</total>
<tag>
</tag>
<suite>
<stat pass="1" fail="0" id="s1" name="Test">Test</stat>
</suite>
</statistics>
<errors>
</errors>
</robot>
